<?xml version="1.0" encoding="UTF-8"?>
<!-- Generated by org.testng.reporters.JUnitReportReporter -->
<testsuite hostname="user-PC" failures="0" tests="3" name="Practi.uitrwo.Prametr" time="98.131" errors="0" timestamp="05 Dec 2019 02:01:32 GMT" skipped="0">
  <testcase classname="Practi.uitrwo.Prametr" name="f" time="43.112"/>
  <testcase classname="Practi.uitrwo.Prametr" name="f" time="22.473"/>
  <testcase classname="Practi.uitrwo.Prametr" name="f" time="32.546"/>
</testsuite> <!-- Practi.uitrwo.Prametr -->
