<?xml version="1.0" encoding="UTF-8"?>
<!-- Generated by org.testng.reporters.JUnitReportReporter -->
<testsuite hostname="user-PC" failures="0" tests="2" name="Practi.uitrwo.NewTest" time="20.225" errors="0" timestamp="05 Dec 2019 01:54:18 GMT" skipped="0">
  <testcase classname="Practi.uitrwo.NewTest" name="f" time="10.720"/>
  <testcase classname="Practi.uitrwo.NewTest" name="f" time="9.505"/>
</testsuite> <!-- Practi.uitrwo.NewTest -->
